::1 - - [15/Oct/2022:16:28:36 +0000] "POST /api/v1/categories HTTP/1.1" 200 220 "-" "PostmanRuntime/7.29.2"
::1 - - [15/Oct/2022:16:32:20 +0000] "POST /api/v1/categories HTTP/1.1" 200 220 "-" "PostmanRuntime/7.29.2"
::1 - - [15/Oct/2022:16:33:22 +0000] "POST /api/v1/categories HTTP/1.1" 200 220 "-" "PostmanRuntime/7.29.2"
::1 - - [15/Oct/2022:16:41:45 +0000] "GET /api/v1/categories HTTP/1.1" 200 26 "-" "PostmanRuntime/7.29.2"
::1 - - [15/Oct/2022:16:43:47 +0000] "GET /api/v1/categories HTTP/1.1" 200 26 "-" "PostmanRuntime/7.29.2"
::1 - - [15/Oct/2022:16:45:18 +0000] "GET /api/v1/categories HTTP/1.1" 200 26 "-" "PostmanRuntime/7.29.2"
::1 - - [15/Oct/2022:16:45:38 +0000] "GET /api/v1/categories HTTP/1.1" 200 26 "-" "PostmanRuntime/7.29.2"
::1 - - [15/Oct/2022:16:45:56 +0000] "GET /api/v1/categories HTTP/1.1" 200 222 "-" "PostmanRuntime/7.29.2"
::1 - - [15/Oct/2022:17:08:13 +0000] "GET /api/v1/categories/634ae093e8f07c9e811630ad HTTP/1.1" 200 271 "-" "PostmanRuntime/7.29.2"
::1 - - [15/Oct/2022:17:10:38 +0000] "GET /api/v1/categories/21212 HTTP/1.1" 400 261 "-" "PostmanRuntime/7.29.2"
::1 - - [15/Oct/2022:17:12:15 +0000] "GET /api/v1/categories/21212 HTTP/1.1" 400 261 "-" "PostmanRuntime/7.29.2"
::1 - - [15/Oct/2022:17:15:38 +0000] "GET /api/v1/categories/21212sadasd HTTP/1.1" 400 279 "-" "PostmanRuntime/7.29.2"
::1 - - [15/Oct/2022:17:18:28 +0000] "GET /api/v1/categories/21212sadasd HTTP/1.1" 400 279 "-" "PostmanRuntime/7.29.2"
::1 - - [15/Oct/2022:17:18:35 +0000] "GET /api/v1/categories/634ae093e8f07c9e811630ad HTTP/1.1" 200 271 "-" "PostmanRuntime/7.29.2"
::1 - - [15/Oct/2022:17:23:12 +0000] "GET /api/v1/categories/634ae093e8f07c9e811630ad HTTP/1.1" 200 271 "-" "PostmanRuntime/7.29.2"
::1 - - [15/Oct/2022:17:23:15 +0000] "GET /api/v1/categories/634ae093e8f07c9e811630ada HTTP/1.1" 400 321 "-" "PostmanRuntime/7.29.2"
::1 - - [15/Oct/2022:17:23:55 +0000] "GET /api/v1/categories/634ae093e8f07c9e81asdada HTTP/1.1" 400 318 "-" "PostmanRuntime/7.29.2"
::1 - - [15/Oct/2022:17:24:00 +0000] "GET /api/v1/categories/22222 HTTP/1.1" 400 261 "-" "PostmanRuntime/7.29.2"
::1 - - [15/Oct/2022:17:24:50 +0000] "GET /api/v1/categories/634ae093e8f07c9e81asdada HTTP/1.1" 400 318 "-" "PostmanRuntime/7.29.2"
::1 - - [15/Oct/2022:17:24:54 +0000] "GET /api/v1/categories/634ae093e8f07c9e81ada HTTP/1.1" 400 309 "-" "PostmanRuntime/7.29.2"
::1 - - [15/Oct/2022:17:24:57 +0000] "GET /api/v1/categories/634ae093e8f07c9e811630ada HTTP/1.1" 400 321 "-" "PostmanRuntime/7.29.2"
::1 - - [15/Oct/2022:17:25:00 +0000] "GET /api/v1/categories/634ae093e8f07c9e811630ad HTTP/1.1" 200 271 "-" "PostmanRuntime/7.29.2"
::1 - - [15/Oct/2022:17:25:04 +0000] "GET /api/v1/categories/634ae093e8f07c9e811630as HTTP/1.1" 400 318 "-" "PostmanRuntime/7.29.2"
::1 - - [15/Oct/2022:17:25:42 +0000] "GET /api/v1/categories/634ae093e8f07c9e811630as HTTP/1.1" 400 318 "-" "PostmanRuntime/7.29.2"
::1 - - [15/Oct/2022:17:27:49 +0000] "GET /api/v1/categories/634ae093e8f07c9e811630as HTTP/1.1" 400 318 "-" "PostmanRuntime/7.29.2"
::1 - - [15/Oct/2022:17:27:52 +0000] "GET /api/v1/categories/634ae093e8f07c9e811630ad HTTP/1.1" 200 271 "-" "PostmanRuntime/7.29.2"
::1 - - [15/Oct/2022:17:27:58 +0000] "GET /api/v1/categories/634ae093e8f07c9e811620ad HTTP/1.1" 400 67 "-" "PostmanRuntime/7.29.2"
::1 - - [15/Oct/2022:17:42:59 +0000] "GET /api/v1/categories/634ae093e8f07c9e811630ad HTTP/1.1" 200 271 "-" "PostmanRuntime/7.29.2"
::1 - - [15/Oct/2022:17:43:15 +0000] "PUT /api/v1/categories/634ae093e8f07c9e811630ad HTTP/1.1" 400 28 "-" "PostmanRuntime/7.29.2"
::1 - - [15/Oct/2022:17:43:18 +0000] "PUT /api/v1/categories/634ae093e8f07c9e811630ad HTTP/1.1" 400 28 "-" "PostmanRuntime/7.29.2"
::1 - - [15/Oct/2022:17:43:42 +0000] "PUT /api/v1/categories/634ae093e8f07c9e811630ad HTTP/1.1" 400 28 "-" "PostmanRuntime/7.29.2"
::1 - - [15/Oct/2022:17:45:21 +0000] "PUT /api/v1/categories/634ae093e8f07c9e811630ad HTTP/1.1" 200 271 "-" "PostmanRuntime/7.29.2"
::1 - - [15/Oct/2022:17:45:28 +0000] "GET /api/v1/categories HTTP/1.1" 200 170 "-" "PostmanRuntime/7.29.2"
::1 - - [15/Oct/2022:17:52:33 +0000] "DELETE /api/v1/categories/634ae093e8f07c9e811630ad HTTP/1.1" 200 221 "-" "PostmanRuntime/7.29.2"
::1 - - [15/Oct/2022:17:52:40 +0000] "GET /api/v1/categories HTTP/1.1" 200 26 "-" "PostmanRuntime/7.29.2"
::1 - - [15/Oct/2022:17:52:41 +0000] "GET /api/v1/categories HTTP/1.1" 200 26 "-" "PostmanRuntime/7.29.2"
::1 - - [15/Oct/2022:17:52:42 +0000] "GET /api/v1/categories HTTP/1.1" 200 26 "-" "PostmanRuntime/7.29.2"
::1 - - [15/Oct/2022:17:52:53 +0000] "GET /api/v1/categories/634ae093e8f07c9e811630ad HTTP/1.1" 400 67 "-" "PostmanRuntime/7.29.2"
::1 - - [15/Oct/2022:17:52:59 +0000] "POST /api/v1/categories HTTP/1.1" 200 220 "-" "PostmanRuntime/7.29.2"
::1 - - [15/Oct/2022:17:53:01 +0000] "POST /api/v1/categories HTTP/1.1" 400 127 "-" "PostmanRuntime/7.29.2"
::1 - - [15/Oct/2022:17:53:02 +0000] "POST /api/v1/categories HTTP/1.1" 400 127 "-" "PostmanRuntime/7.29.2"
::1 - - [15/Oct/2022:17:53:11 +0000] "GET /api/v1/categories HTTP/1.1" 200 222 "-" "PostmanRuntime/7.29.2"
::1 - - [16/Oct/2022:07:51:45 +0000] "POST /api/v1/books HTTP/1.1" 200 16 "-" "PostmanRuntime/7.29.2"
::1 - - [16/Oct/2022:07:53:17 +0000] "POST /api/v1/books HTTP/1.1" 200 93 "-" "PostmanRuntime/7.29.2"
::1 - - [16/Oct/2022:11:30:26 +0000] "GET /api/v1/categories/634ae093e8f07c9e811630ad HTTP/1.1" 200 67 "-" "PostmanRuntime/7.29.2"
::1 - - [16/Oct/2022:11:30:29 +0000] "GET /api/v1/categories/62766d1252eaf01861ebc99s HTTP/1.1" 500 141 "-" "PostmanRuntime/7.29.2"
::1 - - [16/Oct/2022:11:30:36 +0000] "GET /api/v1/categories/62766d1252eaf01861ebc99s HTTP/1.1" 500 141 "-" "PostmanRuntime/7.29.2"
::1 - - [16/Oct/2022:11:32:21 +0000] "GET /api/v1/categories/634af37b22e80f8bac6f2d33 HTTP/1.1" 200 271 "-" "PostmanRuntime/7.29.2"
::1 - - [16/Oct/2022:11:32:27 +0000] "GET /api/v1/categories/634af37b22e80f8bac6f2d23 HTTP/1.1" 200 67 "-" "PostmanRuntime/7.29.2"
::1 - - [16/Oct/2022:11:34:31 +0000] "GET /api/v1/categories/634af37b22e80f8bac6f2d23 HTTP/1.1" 200 67 "-" "PostmanRuntime/7.29.2"
::1 - - [16/Oct/2022:11:37:10 +0000] "GET /api/v1/categories/634af37b22e80f8bac6f2d23 HTTP/1.1" 200 67 "-" "PostmanRuntime/7.29.2"
::1 - - [16/Oct/2022:11:38:12 +0000] "GET /api/v1/categories/634af37b22e80f8bac6f2d23asd HTTP/1.1" 500 144 "-" "PostmanRuntime/7.29.2"
::1 - - [16/Oct/2022:11:38:33 +0000] "GET /api/v1/categories/634af37b22e80f8bac6f2d23asd HTTP/1.1" 500 144 "-" "PostmanRuntime/7.29.2"
::1 - - [16/Oct/2022:11:39:13 +0000] "GET /api/v1/categories/634af37b22e80f8bac6f2d23 HTTP/1.1" 200 67 "-" "PostmanRuntime/7.29.2"
::1 - - [16/Oct/2022:11:39:17 +0000] "GET /api/v1/categories/634af37b22e80f8bac6f2d3 HTTP/1.1" 500 140 "-" "PostmanRuntime/7.29.2"
::1 - - [16/Oct/2022:11:39:20 +0000] "GET /api/v1/categories/634af37b22e80f8bac6f2d33 HTTP/1.1" 200 271 "-" "PostmanRuntime/7.29.2"
::1 - - [16/Oct/2022:11:39:25 +0000] "GET /api/v1/categories/634af37b22e80f8bac6f2d33 HTTP/1.1" 200 271 "-" "PostmanRuntime/7.29.2"
::1 - - [16/Oct/2022:11:39:39 +0000] "GET /api/v1/categories/634af37b22e80f8bac6f2d33 HTTP/1.1" 200 271 "-" "PostmanRuntime/7.29.2"
::1 - - [16/Oct/2022:11:39:42 +0000] "GET /api/v1/categories/634af37b22e80f8bac6f2d33 HTTP/1.1" 200 271 "-" "PostmanRuntime/7.29.2"
::1 - - [16/Oct/2022:11:39:46 +0000] "GET /api/v1/categories/634af37b22e80f8bac6f2d33 HTTP/1.1" 200 271 "-" "PostmanRuntime/7.29.2"
::1 - - [16/Oct/2022:12:08:05 +0000] "GET /api/v1/categories/634af37b22e80f8bac6f2d33 HTTP/1.1" 200 271 "-" "PostmanRuntime/7.29.2"
::1 - - [16/Oct/2022:12:08:12 +0000] "DELETE /api/v1/categories/634ae093e8f07c9e811630adas HTTP/1.1" 500 143 "-" "PostmanRuntime/7.29.2"
::1 - - [16/Oct/2022:12:08:24 +0000] "GET /api/v1/categories/634af37b22e80f8bac6f2d33 HTTP/1.1" 200 271 "-" "PostmanRuntime/7.29.2"
::1 - - [16/Oct/2022:12:08:29 +0000] "GET /api/v1/categories/634af37b22e80f8bac6f2d33asd HTTP/1.1" 500 144 "-" "PostmanRuntime/7.29.2"
::1 - - [16/Oct/2022:14:58:21 +0000] "GET /api/v1/categories/634af37b22e80f8bac6f2d33 HTTP/1.1" 200 271 "-" "PostmanRuntime/7.29.2"
::1 - - [16/Oct/2022:14:58:25 +0000] "GET /api/v1/categories/634af37b22e80f8bac6f2d32 HTTP/1.1" 500 65 "-" "PostmanRuntime/7.29.2"
::1 - - [16/Oct/2022:14:58:49 +0000] "GET /api/v1/categories/634af37b22e20f8bac6f2d33 HTTP/1.1" 500 65 "-" "PostmanRuntime/7.29.2"
::1 - - [16/Oct/2022:14:59:25 +0000] "GET /api/v1/categories/634af37b22e20f8bac6f2d33 HTTP/1.1" 500 65 "-" "PostmanRuntime/7.29.2"
::1 - - [16/Oct/2022:15:00:19 +0000] "GET /api/v1/categories/634af37b22e20f8bac6f2d33 HTTP/1.1" 400 65 "-" "PostmanRuntime/7.29.2"
::1 - - [16/Oct/2022:15:16:57 +0000] "GET /api/v1/categories/634af37b22e20f8bac6f2d33 HTTP/1.1" 500 76 "-" "PostmanRuntime/7.29.2"
::1 - - [16/Oct/2022:15:17:19 +0000] "GET /api/v1/categories/634af37b22e0f8bac6f2d33 HTTP/1.1" 500 76 "-" "PostmanRuntime/7.29.2"
::1 - - [16/Oct/2022:15:17:22 +0000] "GET /api/v1/categories/634af37b22e80f8bac6f2d33 HTTP/1.1" 500 76 "-" "PostmanRuntime/7.29.2"
::1 - - [16/Oct/2022:15:17:24 +0000] "GET /api/v1/categories/62766d1252eaf01861ebc99s HTTP/1.1" 500 76 "-" "PostmanRuntime/7.29.2"
::1 - - [16/Oct/2022:15:17:25 +0000] "GET /api/v1/categories/62766d1252eaf01861ebc99s HTTP/1.1" 500 76 "-" "PostmanRuntime/7.29.2"
::1 - - [16/Oct/2022:15:17:30 +0000] "GET /api/v1/categories/62766d1252eaf01861ebc99s HTTP/1.1" 500 76 "-" "PostmanRuntime/7.29.2"
::1 - - [16/Oct/2022:15:17:39 +0000] "GET /api/v1/categories/634af37b22e80f8bac6f2d33 HTTP/1.1" 500 76 "-" "PostmanRuntime/7.29.2"
::1 - - [16/Oct/2022:15:17:54 +0000] "GET /api/v1/categories/634af37b22e80f8bac6f2d33 HTTP/1.1" 500 76 "-" "PostmanRuntime/7.29.2"
::1 - - [16/Oct/2022:15:19:10 +0000] "GET /api/v1/categories/634af37b22e80f8bac6f2d33 HTTP/1.1" 500 76 "-" "PostmanRuntime/7.29.2"
::1 - - [16/Oct/2022:15:19:21 +0000] "GET /api/v1/categories/634af37b22e80f8bac6f2d33 HTTP/1.1" 500 76 "-" "PostmanRuntime/7.29.2"
::1 - - [16/Oct/2022:15:19:26 +0000] "GET /api/v1/categories HTTP/1.1" 200 222 "-" "PostmanRuntime/7.29.2"
::1 - - [16/Oct/2022:15:19:26 +0000] "GET /api/v1/categories HTTP/1.1" 200 222 "-" "PostmanRuntime/7.29.2"
::1 - - [16/Oct/2022:15:19:54 +0000] "GET /api/v1/categories/634af37b22e80f8bac6f2d33 HTTP/1.1" 500 76 "-" "PostmanRuntime/7.29.2"
::1 - - [16/Oct/2022:15:19:55 +0000] "GET /api/v1/categories/634af37b22e80f8bac6f2d33 HTTP/1.1" 500 76 "-" "PostmanRuntime/7.29.2"
::1 - - [16/Oct/2022:15:19:56 +0000] "GET /api/v1/categories/634af37b22e80f8bac6f2d33 HTTP/1.1" 500 76 "-" "PostmanRuntime/7.29.2"
::1 - - [16/Oct/2022:15:19:57 +0000] "GET /api/v1/categories/634af37b22e80f8bac6f2d33 HTTP/1.1" 500 76 "-" "PostmanRuntime/7.29.2"
::1 - - [16/Oct/2022:15:20:17 +0000] "GET /api/v1/categories/634af37b22e80f8bac6f2d33 HTTP/1.1" 500 76 "-" "PostmanRuntime/7.29.2"
::1 - - [16/Oct/2022:15:20:53 +0000] "GET /api/v1/categories/634af37b22e80f8bac6f2d33 HTTP/1.1" 500 76 "-" "PostmanRuntime/7.29.2"
::1 - - [16/Oct/2022:15:21:52 +0000] "GET /api/v1/categories/634af37b22e80f8bac6f2d33 HTTP/1.1" 500 76 "-" "PostmanRuntime/7.29.2"
::1 - - [16/Oct/2022:15:22:03 +0000] "GET /api/v1/categories/634af37b22e80f8bac6f2d33 HTTP/1.1" 500 78 "-" "PostmanRuntime/7.29.2"
::1 - - [16/Oct/2022:15:22:28 +0000] "GET /api/v1/categories/634af37b22e80f8bac6f2d33 HTTP/1.1" 500 78 "-" "PostmanRuntime/7.29.2"
::1 - - [16/Oct/2022:15:23:52 +0000] "GET /api/v1/categories/634af37b22e80f8bac6f2d33 HTTP/1.1" 500 78 "-" "PostmanRuntime/7.29.2"
::1 - - [16/Oct/2022:15:26:12 +0000] "GET /api/v1/categories/634af37b22e80f8bac6f2d33 HTTP/1.1" 500 78 "-" "PostmanRuntime/7.29.2"
::1 - - [16/Oct/2022:15:26:13 +0000] "GET /api/v1/categories/634af37b22e80f8bac6f2d33 HTTP/1.1" 500 78 "-" "PostmanRuntime/7.29.2"
::1 - - [16/Oct/2022:15:26:32 +0000] "GET /api/v1/categories/634af37b22e80f8bac6f2d33 HTTP/1.1" 200 271 "-" "PostmanRuntime/7.29.2"
::1 - - [16/Oct/2022:15:26:42 +0000] "GET /api/v1/categories/634af37b22e80f8bac6f2d33 HTTP/1.1" 200 271 "-" "PostmanRuntime/7.29.2"
::1 - - [16/Oct/2022:15:30:14 +0000] "GET /api/v1/categories/634af37b22e80f8bac6f2d33 HTTP/1.1" 200 271 "-" "PostmanRuntime/7.29.2"
