::1 - - [19/Oct/2022:16:20:03 +0000] "GET /api/v1/books HTTP/1.1" 200 29977 "-" "PostmanRuntime/7.29.2"
::1 - - [19/Oct/2022:16:32:27 +0000] "GET /api/v1/books HTTP/1.1" 200 31172 "-" "PostmanRuntime/7.29.2"
::1 - - [19/Oct/2022:16:39:57 +0000] "GET /api/v1/categories/62766d1252eaf01861ebc99s HTTP/1.1" 500 143 "-" "PostmanRuntime/7.29.2"
::1 - - [19/Oct/2022:16:40:08 +0000] "GET /api/v1/categories/5e90478549941f52dcb01b34 HTTP/1.1" 500 143 "-" "PostmanRuntime/7.29.2"
::1 - - [19/Oct/2022:16:40:51 +0000] "GET /api/v1/categories HTTP/1.1" 200 1419 "-" "PostmanRuntime/7.29.2"
::1 - - [19/Oct/2022:16:41:12 +0000] "GET /api/v1/categories/5e90478549941f52dcb01b34 HTTP/1.1" 500 143 "-" "PostmanRuntime/7.29.2"
::1 - - [19/Oct/2022:16:41:59 +0000] "GET /api/v1/categories/5e90478549941f52dcb01b34 HTTP/1.1" 200 7874 "-" "PostmanRuntime/7.29.2"
::1 - - [19/Oct/2022:16:49:58 +0000] "GET /api/v1/books HTTP/1.1" 200 31748 "-" "PostmanRuntime/7.29.2"
::1 - - [19/Oct/2022:17:14:33 +0000] "GET /api/v1/categories HTTP/1.1" 200 1419 "-" "PostmanRuntime/7.29.2"
::1 - - [19/Oct/2022:17:14:41 +0000] "DELETE /api/v1/categories/5e90478549941f52dcb01b34 HTTP/1.1" 200 404 "-" "PostmanRuntime/7.29.2"
::1 - - [19/Oct/2022:17:14:50 +0000] "GET /api/v1/books HTTP/1.1" 200 23821 "-" "PostmanRuntime/7.29.2"
::1 - - [19/Oct/2022:17:18:19 +0000] "GET /api/v1/books HTTP/1.1" 200 31739 "-" "PostmanRuntime/7.29.2"
::1 - - [20/Oct/2022:01:53:41 +0000] "GET /api/v1/books/63503158efe0ab8d496fafa9 HTTP/1.1" 200 1827 "-" "PostmanRuntime/7.29.2"
::1 - - [20/Oct/2022:01:57:17 +0000] "GET /api/v1/books/63503158efe0ab8d496fafa9 HTTP/1.1" 200 1827 "-" "PostmanRuntime/7.29.2"
::1 - - [20/Oct/2022:01:57:45 +0000] "GET /api/v1/books HTTP/1.1" 200 31739 "-" "PostmanRuntime/7.29.2"
::1 - - [20/Oct/2022:01:58:40 +0000] "GET /api/v1/books/63503158efe0ab8d496fafae HTTP/1.1" 200 2110 "-" "PostmanRuntime/7.29.2"
::1 - - [20/Oct/2022:02:09:24 +0000] "GET /api/v1/books HTTP/1.1" 200 31739 "-" "PostmanRuntime/7.29.2"
::1 - - [20/Oct/2022:02:09:50 +0000] "POST /api/v1/books HTTP/1.1" 400 69 "-" "PostmanRuntime/7.29.2"
::1 - - [20/Oct/2022:02:10:01 +0000] "GET /api/v1/categories/5e90478549941f52dcb01b34 HTTP/1.1" 200 7873 "-" "PostmanRuntime/7.29.2"
::1 - - [20/Oct/2022:02:12:16 +0000] "POST /api/v1/books HTTP/1.1" 400 69 "-" "PostmanRuntime/7.29.2"
::1 - - [20/Oct/2022:02:14:00 +0000] "POST /api/v1/books HTTP/1.1" 400 69 "-" "PostmanRuntime/7.29.2"
::1 - - [20/Oct/2022:02:14:01 +0000] "POST /api/v1/books HTTP/1.1" 400 69 "-" "PostmanRuntime/7.29.2"
::1 - - [20/Oct/2022:02:14:01 +0000] "POST /api/v1/books HTTP/1.1" 400 69 "-" "PostmanRuntime/7.29.2"
::1 - - [20/Oct/2022:02:14:25 +0000] "POST /api/v1/books/ HTTP/1.1" 400 69 "-" "PostmanRuntime/7.29.2"
::1 - - [20/Oct/2022:02:16:19 +0000] "POST /api/v1/books/ HTTP/1.1" 400 69 "-" "PostmanRuntime/7.29.2"
::1 - - [20/Oct/2022:02:16:55 +0000] "POST /api/v1/books/ HTTP/1.1" 400 69 "-" "PostmanRuntime/7.29.2"
::1 - - [20/Oct/2022:02:18:58 +0000] "POST /api/v1/books/ HTTP/1.1" 400 69 "-" "PostmanRuntime/7.29.2"
::1 - - [20/Oct/2022:02:19:00 +0000] "POST /api/v1/books/ HTTP/1.1" 400 69 "-" "PostmanRuntime/7.29.2"
::1 - - [20/Oct/2022:02:19:01 +0000] "POST /api/v1/books/ HTTP/1.1" 400 69 "-" "PostmanRuntime/7.29.2"
::1 - - [20/Oct/2022:02:19:43 +0000] "POST /api/v1/books/ HTTP/1.1" 200 828 "-" "PostmanRuntime/7.29.2"
::1 - - [20/Oct/2022:02:21:02 +0000] "POST /api/v1/books/ HTTP/1.1" 400 84 "-" "PostmanRuntime/7.29.2"
::1 - - [20/Oct/2022:03:12:43 +0000] "GET /api/v1/books/63503158efe0ab8d496fafae HTTP/1.1" 200 2110 "-" "PostmanRuntime/7.29.2"
::1 - - [20/Oct/2022:03:12:44 +0000] "GET /api/v1/books/63503158efe0ab8d496fafae HTTP/1.1" 200 2110 "-" "PostmanRuntime/7.29.2"
::1 - - [20/Oct/2022:03:12:44 +0000] "GET /api/v1/books/63503158efe0ab8d496fafae HTTP/1.1" 200 2110 "-" "PostmanRuntime/7.29.2"
::1 - - [20/Oct/2022:03:13:36 +0000] "POST /api/v1/books/63503158efe0ab8d496fafae HTTP/1.1" 404 177 "-" "PostmanRuntime/7.29.2"
::1 - - [20/Oct/2022:03:14:34 +0000] "POST /api/v1/books/63503158efe0ab8d496fafae HTTP/1.1" 404 177 "-" "PostmanRuntime/7.29.2"
::1 - - [20/Oct/2022:03:14:39 +0000] "POST /api/v1/books/63503158efe0ab8d496fafae HTTP/1.1" 404 177 "-" "PostmanRuntime/7.29.2"
::1 - - [20/Oct/2022:03:15:18 +0000] "PUT /api/v1/books/63503158efe0ab8d496fafae HTTP/1.1" 200 2061 "-" "PostmanRuntime/7.29.2"
::1 - - [20/Oct/2022:03:22:22 +0000] "DELETE /api/v1/books/63503158efe0ab8d496fafae HTTP/1.1" 200 2061 "-" "PostmanRuntime/7.29.2"
::1 - - [20/Oct/2022:03:22:28 +0000] "GET /api/v1/books/63503158efe0ab8d496fafae HTTP/1.1" 400 80 "-" "PostmanRuntime/7.29.2"
::1 - - [20/Oct/2022:03:36:39 +0000] "GET /api/v1/books/63503158efe0ab8d496fafae HTTP/1.1" 400 80 "-" "PostmanRuntime/7.29.2"
::1 - - [20/Oct/2022:03:36:40 +0000] "GET /api/v1/books/63503158efe0ab8d496fafae HTTP/1.1" 400 80 "-" "PostmanRuntime/7.29.2"
::1 - - [20/Oct/2022:03:36:40 +0000] "GET /api/v1/books/63503158efe0ab8d496fafae HTTP/1.1" 400 80 "-" "PostmanRuntime/7.29.2"
::1 - - [20/Oct/2022:03:36:41 +0000] "GET /api/v1/books/63503158efe0ab8d496fafae HTTP/1.1" 400 80 "-" "PostmanRuntime/7.29.2"
::1 - - [20/Oct/2022:03:36:41 +0000] "GET /api/v1/books/63503158efe0ab8d496fafae HTTP/1.1" 400 80 "-" "PostmanRuntime/7.29.2"
::1 - - [20/Oct/2022:03:36:42 +0000] "GET /api/v1/books/63503158efe0ab8d496fafae HTTP/1.1" 400 80 "-" "PostmanRuntime/7.29.2"
::1 - - [20/Oct/2022:03:39:09 +0000] "GET /api/v1/books/63503158efe0ab8d496fafae HTTP/1.1" 400 44 "-" "PostmanRuntime/7.29.2"
::1 - - [20/Oct/2022:06:50:03 +0000] "GET /api/v1/books HTTP/1.1" 200 36 "-" "PostmanRuntime/7.29.2"
::1 - - [20/Oct/2022:06:50:09 +0000] "POST /api/v1/books/ HTTP/1.1" 400 84 "-" "PostmanRuntime/7.29.2"
::1 - - [20/Oct/2022:06:50:22 +0000] "GET /api/v1/categories HTTP/1.1" 200 1418 "-" "PostmanRuntime/7.29.2"
::1 - - [20/Oct/2022:06:50:43 +0000] "GET /api/v1/categories/5e90478549941f52dcb01b3b HTTP/1.1" 400 80 "-" "PostmanRuntime/7.29.2"
::1 - - [20/Oct/2022:06:50:53 +0000] "POST /api/v1/books/ HTTP/1.1" 200 828 "-" "PostmanRuntime/7.29.2"
::1 - - [20/Oct/2022:06:51:15 +0000] "GET /api/v1/categories/5e90478549941f52dcb01b34 HTTP/1.1" 200 1185 "-" "PostmanRuntime/7.29.2"
::1 - - [20/Oct/2022:06:51:29 +0000] "POST /api/v1/books/ HTTP/1.1" 200 830 "-" "PostmanRuntime/7.29.2"
::1 - - [20/Oct/2022:06:51:38 +0000] "GET /api/v1/categories/5e90478549941f52dcb01b34 HTTP/1.1" 200 1960 "-" "PostmanRuntime/7.29.2"
::1 - - [20/Oct/2022:06:52:01 +0000] "POST /api/v1/books/ HTTP/1.1" 500 174 "-" "PostmanRuntime/7.29.2"
::1 - - [20/Oct/2022:06:52:05 +0000] "POST /api/v1/books/ HTTP/1.1" 200 831 "-" "PostmanRuntime/7.29.2"
::1 - - [20/Oct/2022:06:52:08 +0000] "GET /api/v1/categories/5e90478549941f52dcb01b34 HTTP/1.1" 200 2749 "-" "PostmanRuntime/7.29.2"
::1 - - [20/Oct/2022:06:54:22 +0000] "GET /api/v1/books/63503158efe0ab8d496fafae HTTP/1.1" 400 80 "-" "PostmanRuntime/7.29.2"
::1 - - [20/Oct/2022:06:54:29 +0000] "GET /api/v1/books HTTP/1.1" 200 2677 "-" "PostmanRuntime/7.29.2"
::1 - - [20/Oct/2022:06:54:41 +0000] "GET /api/v1/books/6350efcd0e8a9e9c9bdb338e HTTP/1.1" 200 847 "-" "PostmanRuntime/7.29.2"
::1 - - [20/Oct/2022:06:56:33 +0000] "GET /api/v1/books/6350efcd0e8a9e9c9bdb338e HTTP/1.1" 200 847 "-" "PostmanRuntime/7.29.2"
::1 - - [20/Oct/2022:06:58:15 +0000] "GET /api/v1/books HTTP/1.1" 200 2677 "-" "PostmanRuntime/7.29.2"
::1 - - [20/Oct/2022:06:58:33 +0000] "GET /api/v1/books/6350eff10e8a9e9c9bdb3395 HTTP/1.1" 200 849 "-" "PostmanRuntime/7.29.2"
::1 - - [20/Oct/2022:06:59:13 +0000] "GET /api/v1/books/6350eff10e8a9e9c9bdb3395 HTTP/1.1" 200 845 "-" "PostmanRuntime/7.29.2"
::1 - - [20/Oct/2022:06:59:30 +0000] "GET /api/v1/books/6350eff10e8a9e9c9bdb3395 HTTP/1.1" 200 865 "-" "PostmanRuntime/7.29.2"
::1 - - [20/Oct/2022:07:01:33 +0000] "GET /api/v1/books HTTP/1.1" 200 2677 "-" "PostmanRuntime/7.29.2"
::1 - - [20/Oct/2022:07:01:43 +0000] "GET /api/v1/books/6350efcd0e8a9e9c9bdb338e HTTP/1.1" 200 843 "-" "PostmanRuntime/7.29.2"
::1 - - [20/Oct/2022:07:02:03 +0000] "GET /api/v1/books/6350efcd0e8a9e9c9bdb338e HTTP/1.1" 200 843 "-" "PostmanRuntime/7.29.2"
::1 - - [20/Oct/2022:07:03:31 +0000] "GET /api/v1/books/6350efcd0e8a9e9c9bdb338e HTTP/1.1" 200 843 "-" "PostmanRuntime/7.29.2"
::1 - - [20/Oct/2022:07:05:40 +0000] "GET /api/v1/categories/5e90478549941f52dcb01b34 HTTP/1.1" 200 2749 "-" "PostmanRuntime/7.29.2"
::1 - - [20/Oct/2022:07:06:08 +0000] "GET /api/v1/books/6350efcd0e8a9e9c9bdb338e HTTP/1.1" 200 843 "-" "PostmanRuntime/7.29.2"
::1 - - [20/Oct/2022:07:30:27 +0000] "GET /api/v1/books/6350efcd0e8a9e9c9bdb338e HTTP/1.1" 200 843 "-" "PostmanRuntime/7.29.2"
::1 - - [20/Oct/2022:07:30:50 +0000] "GET /api/v1/books/6350efcd0e8a9e9c9bdb338e HTTP/1.1" 200 843 "-" "PostmanRuntime/7.29.2"
::1 - - [20/Oct/2022:07:34:36 +0000] "GET /api/v1/books/6350efcd0e8a9e9c9bdb338e HTTP/1.1" 200 843 "-" "PostmanRuntime/7.29.2"
::1 - - [20/Oct/2022:07:35:09 +0000] "GET /api/v1/books/6350efcd0e8a9e9c9bdb338e HTTP/1.1" 200 843 "-" "PostmanRuntime/7.29.2"
::1 - - [20/Oct/2022:07:41:09 +0000] "GET /api/v1/books/6350efcd0e8a9e9c9bdb338e HTTP/1.1" 200 921 "-" "PostmanRuntime/7.29.2"
